<?xml version="1.0" encoding="UTF-8"?>
<testng-results ignored="0" total="2" passed="2" failed="0" skipped="0">
  <reporter-output>
  </reporter-output>
  <suite started-at="2024-10-03T00:07:47 IST" name="Automation Suite" finished-at="2024-10-03T00:08:46 IST" duration-ms="59561">
    <groups>
    </groups>
    <test started-at="2024-10-03T00:07:47 IST" name="All Testcases" finished-at="2024-10-03T00:08:46 IST" duration-ms="59561">
      <class name="testcases.SearchProductTest">
        <test-method is-config="true" signature="setup()[pri:0, instance:testcases.SearchProductTest@2e55dd0c]" started-at="2024-10-03T00:07:47 IST" name="setup" finished-at="2024-10-03T00:08:16 IST" duration-ms="29406" status="PASS">
          <reporter-output>
          </reporter-output>
        </test-method> <!-- setup -->
        <test-method signature="searchWithValidText(java.lang.String,java.lang.String)[pri:0, instance:testcases.SearchProductTest@2e55dd0c]" started-at="2024-10-03T00:08:17 IST" name="searchWithValidText" data-provider="testData" finished-at="2024-10-03T00:08:36 IST" duration-ms="19589" status="PASS">
          <params>
            <param index="0">
              <value>
                <![CDATA[phones]]>
              </value>
            </param>
            <param index="1">
              <value>
                <![CDATA[Results]]>
              </value>
            </param>
          </params>
          <reporter-output>
          </reporter-output>
        </test-method> <!-- searchWithValidText -->
        <test-method signature="searchWithValidText(java.lang.String,java.lang.String)[pri:0, instance:testcases.SearchProductTest@2e55dd0c]" started-at="2024-10-03T00:08:36 IST" name="searchWithValidText" data-provider="testData" finished-at="2024-10-03T00:08:46 IST" duration-ms="10116" status="PASS">
          <params>
            <param index="0">
              <value>
                <![CDATA[smart phones]]>
              </value>
            </param>
            <param index="1">
              <value>
                <![CDATA[Results]]>
              </value>
            </param>
          </params>
          <reporter-output>
          </reporter-output>
        </test-method> <!-- searchWithValidText -->
        <test-method is-config="true" signature="tearDown()[pri:0, instance:testcases.SearchProductTest@2e55dd0c]" started-at="2024-10-03T00:08:46 IST" name="tearDown" finished-at="2024-10-03T00:08:46 IST" duration-ms="257" status="PASS">
          <reporter-output>
          </reporter-output>
        </test-method> <!-- tearDown -->
      </class> <!-- testcases.SearchProductTest -->
    </test> <!-- All Testcases -->
  </suite> <!-- Automation Suite -->
</testng-results>
